<?xml version="1.0" encoding="UTF-8"?>
<testsuite xmlns:xsi="http://www.w3.org/2001/XMLSchema-instance" xsi:noNamespaceSchemaLocation="https://maven.apache.org/surefire/maven-surefire-plugin/xsd/surefire-test-report-3.0.xsd" version="3.0" name="br.mg.karlorms.tests.TesteSeuBarriga" time="13.805" tests="10" errors="0" skipped="0" failures="0">
  <properties>
[...]
</properties>
  <testcase name="testeSaldoContas" classname="br.mg.karlorms.tests.TesteSeuBarriga" time="12.686">
    <system-err><![CDATA[jun. 13, 2022 10:42:27 PM org.openqa.selenium.remote.ProtocolHandshake createSession
INFO: Detected dialect: W3C
]]></system-err>
  </testcase>
  <testcase name="criarMovimentacao" classname="br.mg.karlorms.tests.TesteSeuBarriga" time="7.903">
    <system-err><![CDATA[jun. 13, 2022 10:42:21 PM org.openqa.selenium.remote.ProtocolHandshake createSession
INFO: Detected dialect: W3C
]]></system-err>
  </testcase>
  <testcase name="adicionarConta" classname="br.mg.karlorms.tests.TesteSeuBarriga" time="6.171">
    <system-err><![CDATA[jun. 13, 2022 10:42:20 PM org.openqa.selenium.remote.ProtocolHandshake createSession
INFO: Detected dialect: W3C
]]></system-err>
  </testcase>
  <testcase name="resumoMensal" classname="br.mg.karlorms.tests.TesteSeuBarriga" time="9.786">
    <system-err><![CDATA[jun. 13, 2022 10:42:23 PM org.openqa.selenium.remote.ProtocolHandshake createSession
INFO: Detected dialect: W3C
]]></system-err>
  </testcase>
  <testcase name="alterarConta" classname="br.mg.karlorms.tests.TesteSeuBarriga" time="5.455">
    <system-err><![CDATA[jun. 13, 2022 10:42:18 PM org.openqa.selenium.remote.ProtocolHandshake createSession
INFO: Detected dialect: W3C
]]></system-err>
  </testcase>
  <testcase name="movimentacaoFutura" classname="br.mg.karlorms.tests.TesteSeuBarriga" time="9.226">
    <system-err><![CDATA[jun. 13, 2022 10:42:22 PM org.openqa.selenium.remote.ProtocolHandshake createSession
INFO: Detected dialect: W3C
]]></system-err>
  </testcase>
  <testcase name="removerMovimentacao" classname="br.mg.karlorms.tests.TesteSeuBarriga" time="11.886">
    <system-err><![CDATA[jun. 13, 2022 10:42:26 PM org.openqa.selenium.remote.ProtocolHandshake createSession
INFO: Detected dialect: W3C
]]></system-err>
  </testcase>
  <testcase name="camposObrigatoriosDaMovimentacao" classname="br.mg.karlorms.tests.TesteSeuBarriga" time="13.804">
    <system-err><![CDATA[jun. 13, 2022 10:42:28 PM org.openqa.selenium.remote.ProtocolHandshake createSession
INFO: Detected dialect: W3C
]]></system-err>
  </testcase>
  <testcase name="removerContaComMovimentacao" classname="br.mg.karlorms.tests.TesteSeuBarriga" time="10.835">
    <system-err><![CDATA[jun. 13, 2022 10:42:24 PM org.openqa.selenium.remote.ProtocolHandshake createSession
INFO: Detected dialect: W3C
]]></system-err>
  </testcase>
  <testcase name="adiconarContaComMesmoNome" classname="br.mg.karlorms.tests.TesteSeuBarriga" time="3.539">
    <system-err><![CDATA[jun. 13, 2022 10:42:17 PM org.openqa.selenium.remote.ProtocolHandshake createSession
INFO: Detected dialect: W3C
]]></system-err>
  </testcase>
</testsuite>